This is pdfTeX, Version 3.141592653-2.6-1.40.28 (MiKTeX 25.12) (preloaded format=pdflatex 2026.3.21)  10 APR 2026 18:08
entering extended mode
 restricted \write18 enabled.
 %&-line parsing enabled.
**./Prova.tex
(Prova.tex
LaTeX2e <2025-11-01>
L3 programming layer <2025-12-24>
(C:\Users\matte\AppData\Local\Programs\MiKTeX\tex/latex/base\article.cls
Document Class: article 2025/01/22 v1.4n Standard LaTeX document class
(C:\Users\matte\AppData\Local\Programs\MiKTeX\tex/latex/base\size12.clo
File: size12.clo 2025/01/22 v1.4n Standard LaTeX file (size option)
)
\c@part=\count275
\c@section=\count276
\c@subsection=\count277
\c@subsubsection=\count278
\c@paragraph=\count279
\c@subparagraph=\count280
\c@figure=\count281
\c@table=\count282
\abovecaptionskip=\skip49
\belowcaptionskip=\skip50
\bibindent=\dimen148
)
(C:\Users\matte\AppData\Local\Programs\MiKTeX\tex/latex/base\inputenc.sty
Package: inputenc 2024/02/08 v1.3d Input encoding file
\inpenc@prehook=\toks17
\inpenc@posthook=\toks18
)
(C:\Users\matte\AppData\Local\Programs\MiKTeX\tex/generic/babel\babel.sty
Package: babel 2025/12/11 v25.17 The multilingual framework for LuaLaTeX, pdfLa
TeX and XeLaTeX
\babel@savecnt=\count283
LaTeX Encoding Info:    Redeclaring text command \ij (encoding OT1) on input li
ne 2068.
LaTeX Encoding Info:    Redeclaring text command \IJ (encoding OT1) on input li
ne 2070.
LaTeX Encoding Info:    Redeclaring text command \ij (encoding T1) on input lin
e 2072.
LaTeX Encoding Info:    Redeclaring text command \IJ (encoding T1) on input lin
e 2073.
LaTeX Encoding Info:    Ignoring declaration for text command \ij (encoding ?) 
on input line 2074.
LaTeX Encoding Info:    Ignoring declaration for text command \IJ (encoding ?) 
on input line 2076.
LaTeX Encoding Info:    Ignoring declaration for text command \SS (encoding ?) 
on input line 2101.
\U@D=\dimen149
\l@unhyphenated=\language79

(C:\Users\matte\AppData\Local\Programs\MiKTeX\tex/generic/babel\txtbabel.def)
\bbl@readstream=\read2
\bbl@dirlevel=\count284
Package babel Info: Configuration files are deprecated, as
(babel)             they can break document portability.
(babel)             Reported on input line 4196.

*************************************
* Local config file bblopts.cfg used
*
(C:\Users\matte\AppData\Local\Programs\MiKTeX\tex/latex/arabi\bblopts.cfg
File: bblopts.cfg 2005/09/08 v0.1 add Arabic and Farsi to "declared" options of
 babel
)
(C:\Users\matte\AppData\Local\Programs\MiKTeX\tex/generic/babel/locale/it\babel
-italian.tex)
Package babel Info: Importing font and identification data for italian
(babel)             from babel-it.ini. Reported on input line 4320.

(C:\Users\matte\AppData\Local\Programs\MiKTeX\tex/latex/babel-italian\italian.l
df
Language: italian 2026/01/13 v.1.5.02 Italian support for the babel system
\it@lettering=\count285
\it@doublequoteactive=\count286
\it@ISOcompliance=\count287
))
(C:\Users\matte\AppData\Local\Programs\MiKTeX\tex/latex/etoolbox\etoolbox.sty
Package: etoolbox 2025/10/02 v2.5m e-TeX tools for LaTeX (JAW)
\etb@tempcnta=\count288
)
(C:\Users\matte\AppData\Local\Programs\MiKTeX\tex/latex/graphics\graphicx.sty
Package: graphicx 2024/12/31 v1.2e Enhanced LaTeX Graphics (DPC,SPQR)

(C:\Users\matte\AppData\Local\Programs\MiKTeX\tex/latex/graphics\keyval.sty
Package: keyval 2022/05/29 v1.15 key=value parser (DPC)
\KV@toks@=\toks19
)
(C:\Users\matte\AppData\Local\Programs\MiKTeX\tex/latex/graphics\graphics.sty
Package: graphics 2024/08/06 v1.4g Standard LaTeX Graphics (DPC,SPQR)

(C:\Users\matte\AppData\Local\Programs\MiKTeX\tex/latex/graphics\trig.sty
Package: trig 2023/12/02 v1.11 sin cos tan (DPC)
)
(C:\Users\matte\AppData\Local\Programs\MiKTeX\tex/latex/graphics-cfg\graphics.c
fg
File: graphics.cfg 2016/06/04 v1.11 sample graphics configuration
)
Package graphics Info: Driver file: pdftex.def on input line 106.

(C:\Users\matte\AppData\Local\Programs\MiKTeX\tex/latex/graphics-def\pdftex.def
File: pdftex.def 2025/09/29 v1.2d Graphics/color driver for pdftex
))
\Gin@req@height=\dimen150
\Gin@req@width=\dimen151
)
(C:\Users\matte\AppData\Local\Programs\MiKTeX\tex/latex/caption\subcaption.sty
Package: subcaption 2023/07/28 v1.6b Sub-captions (AR)

(C:\Users\matte\AppData\Local\Programs\MiKTeX\tex/latex/caption\caption.sty
Package: caption 2023/08/05 v3.6o Customizing captions (AR)

(C:\Users\matte\AppData\Local\Programs\MiKTeX\tex/latex/caption\caption3.sty
Package: caption3 2023/07/31 v2.4d caption3 kernel (AR)
\caption@tempdima=\dimen152
\captionmargin=\dimen153
\caption@leftmargin=\dimen154
\caption@rightmargin=\dimen155
\caption@width=\dimen156
\caption@indent=\dimen157
\caption@parindent=\dimen158
\caption@hangindent=\dimen159
Package caption Info: Standard document class detected.
)
\c@caption@flags=\count289
\c@continuedfloat=\count290
)
Package caption Info: New subtype `subfigure' on input line 238.
\c@subfigure=\count291
Package caption Info: New subtype `subtable' on input line 238.
\c@subtable=\count292
) (C:\Users\matte\AppData\Local\Programs\MiKTeX\tex/latex/float\float.sty
Package: float 2001/11/08 v1.3d Float enhancements (AL)
\c@float@type=\count293
\float@exts=\toks20
\float@box=\box53
\@float@everytoks=\toks21
\@floatcapt=\box54
)
(C:\Users\matte\AppData\Local\Programs\MiKTeX\tex/latex/amsmath\amsmath.sty
Package: amsmath 2025/07/09 v2.17z AMS math features
\@mathmargin=\skip51

For additional information on amsmath, use the `?' option.
(C:\Users\matte\AppData\Local\Programs\MiKTeX\tex/latex/amsmath\amstext.sty
Package: amstext 2024/11/17 v2.01 AMS text

(C:\Users\matte\AppData\Local\Programs\MiKTeX\tex/latex/amsmath\amsgen.sty
File: amsgen.sty 1999/11/30 v2.0 generic functions
\@emptytoks=\toks22
\ex@=\dimen160
))
(C:\Users\matte\AppData\Local\Programs\MiKTeX\tex/latex/amsmath\amsbsy.sty
Package: amsbsy 1999/11/29 v1.2d Bold Symbols
\pmbraise@=\dimen161
)
(C:\Users\matte\AppData\Local\Programs\MiKTeX\tex/latex/amsmath\amsopn.sty
Package: amsopn 2022/04/08 v2.04 operator names
)
\inf@bad=\count294
LaTeX Info: Redefining \frac on input line 233.
\uproot@=\count295
\leftroot@=\count296
LaTeX Info: Redefining \overline on input line 398.
LaTeX Info: Redefining \colon on input line 409.
\classnum@=\count297
\DOTSCASE@=\count298
LaTeX Info: Redefining \ldots on input line 495.
LaTeX Info: Redefining \dots on input line 498.
LaTeX Info: Redefining \cdots on input line 619.
\Mathstrutbox@=\box55
\strutbox@=\box56
LaTeX Info: Redefining \big on input line 721.
LaTeX Info: Redefining \Big on input line 722.
LaTeX Info: Redefining \bigg on input line 723.
LaTeX Info: Redefining \Bigg on input line 724.
\big@size=\dimen162
LaTeX Font Info:    Redeclaring font encoding OML on input line 742.
LaTeX Font Info:    Redeclaring font encoding OMS on input line 743.
\macc@depth=\count299
LaTeX Info: Redefining \bmod on input line 904.
LaTeX Info: Redefining \pmod on input line 909.
LaTeX Info: Redefining \smash on input line 939.
LaTeX Info: Redefining \relbar on input line 969.
LaTeX Info: Redefining \Relbar on input line 970.
\c@MaxMatrixCols=\count300
\dotsspace@=\muskip17
\c@parentequation=\count301
\dspbrk@lvl=\count302
\tag@help=\toks23
\row@=\count303
\column@=\count304
\maxfields@=\count305
\andhelp@=\toks24
\eqnshift@=\dimen163
\alignsep@=\dimen164
\tagshift@=\dimen165
\tagwidth@=\dimen166
\totwidth@=\dimen167
\lineht@=\dimen168
\@envbody=\toks25
\multlinegap=\skip52
\multlinetaggap=\skip53
\mathdisplay@stack=\toks26
LaTeX Info: Redefining \[ on input line 2950.
LaTeX Info: Redefining \] on input line 2951.
)
(C:\Users\matte\AppData\Local\Programs\MiKTeX\tex/latex/physics\physics.sty
Package: physics 

(C:\Users\matte\AppData\Local\Programs\MiKTeX\tex/latex/l3packages/xparse\xpars
e.sty
(C:\Users\matte\AppData\Local\Programs\MiKTeX\tex/latex/l3kernel\expl3.sty
Package: expl3 2025-12-24 L3 programming layer (loader) 

(C:\Users\matte\AppData\Local\Programs\MiKTeX\tex/latex/l3backend\l3backend-pdf
tex.def
File: l3backend-pdftex.def 2025-10-09 L3 backend support: PDF output (pdfTeX)
\l__color_backend_stack_int=\count306
))
Package: xparse 2025-10-09 L3 Experimental document command parser
))
(C:\Users\matte\AppData\Local\Programs\MiKTeX\tex/latex/geometry\geometry.sty
Package: geometry 2026/03/07 v6.0 Page Geometry

(C:\Users\matte\AppData\Local\Programs\MiKTeX\tex/generic/iftex\ifvtex.sty
Package: ifvtex 2019/10/25 v1.7 ifvtex legacy package. Use iftex instead.

(C:\Users\matte\AppData\Local\Programs\MiKTeX\tex/generic/iftex\iftex.sty
Package: iftex 2024/12/12 v1.0g TeX engine tests
))
\Gm@cnth=\count307
\Gm@cntv=\count308
\c@Gm@tempcnt=\count309
\Gm@bindingoffset=\dimen169
\Gm@wd@mp=\dimen170
\Gm@odd@mp=\dimen171
\Gm@even@mp=\dimen172
\Gm@layoutwidth=\dimen173
\Gm@layoutheight=\dimen174
\Gm@layouthoffset=\dimen175
\Gm@layoutvoffset=\dimen176
\Gm@dimlist=\toks27

(C:\Users\matte\AppData\Local\Programs\MiKTeX\tex/latex/geometry\geometry.cfg))
(C:\Users\matte\AppData\Local\Programs\MiKTeX\tex/latex/fancyhdr\fancyhdr.sty
Package: fancyhdr 2025/02/07 v5.2 Extensive control of page headers and footers

\f@nch@headwidth=\skip54
\f@nch@offset@elh=\skip55
\f@nch@offset@erh=\skip56
\f@nch@offset@olh=\skip57
\f@nch@offset@orh=\skip58
\f@nch@offset@elf=\skip59
\f@nch@offset@erf=\skip60
\f@nch@offset@olf=\skip61
\f@nch@offset@orf=\skip62
\f@nch@height=\skip63
\f@nch@footalignment=\skip64
\f@nch@widthL=\skip65
\f@nch@widthC=\skip66
\f@nch@widthR=\skip67
\@temptokenb=\toks28
)
(C:\Users\matte\AppData\Local\Programs\MiKTeX\tex/latex/hyperref\hyperref.sty
Package: hyperref 2025-07-12 v7.01o Hypertext links for LaTeX

(C:\Users\matte\AppData\Local\Programs\MiKTeX\tex/latex/kvsetkeys\kvsetkeys.sty
Package: kvsetkeys 2022-10-05 v1.19 Key value parser (HO)
)
(C:\Users\matte\AppData\Local\Programs\MiKTeX\tex/generic/kvdefinekeys\kvdefine
keys.sty
Package: kvdefinekeys 2019-12-19 v1.6 Define keys (HO)
)
(C:\Users\matte\AppData\Local\Programs\MiKTeX\tex/generic/pdfescape\pdfescape.s
ty
Package: pdfescape 2019/12/09 v1.15 Implements pdfTeX's escape features (HO)

(C:\Users\matte\AppData\Local\Programs\MiKTeX\tex/generic/ltxcmds\ltxcmds.sty
Package: ltxcmds 2023-12-04 v1.26 LaTeX kernel commands for general use (HO)
)
(C:\Users\matte\AppData\Local\Programs\MiKTeX\tex/generic/pdftexcmds\pdftexcmds
.sty
Package: pdftexcmds 2020-06-27 v0.33 Utility functions of pdfTeX for LuaTeX (HO
)

(C:\Users\matte\AppData\Local\Programs\MiKTeX\tex/generic/infwarerr\infwarerr.s
ty
Package: infwarerr 2019/12/03 v1.5 Providing info/warning/error messages (HO)
)
Package pdftexcmds Info: \pdf@primitive is available.
Package pdftexcmds Info: \pdf@ifprimitive is available.
Package pdftexcmds Info: \pdfdraftmode found.
))
(C:\Users\matte\AppData\Local\Programs\MiKTeX\tex/latex/hycolor\hycolor.sty
Package: hycolor 2020-01-27 v1.10 Color options for hyperref/bookmark (HO)
)
(C:\Users\matte\AppData\Local\Programs\MiKTeX\tex/latex/hyperref\nameref.sty
Package: nameref 2025-06-21 v2.57 Cross-referencing by name of section

(C:\Users\matte\AppData\Local\Programs\MiKTeX\tex/latex/refcount\refcount.sty
Package: refcount 2019/12/15 v3.6 Data extraction from label references (HO)
)
(C:\Users\matte\AppData\Local\Programs\MiKTeX\tex/generic/gettitlestring\gettit
lestring.sty
Package: gettitlestring 2019/12/15 v1.6 Cleanup title references (HO)

(C:\Users\matte\AppData\Local\Programs\MiKTeX\tex/latex/kvoptions\kvoptions.sty
Package: kvoptions 2022-06-15 v3.15 Key value format for package options (HO)
))
\c@section@level=\count310
)
(C:\Users\matte\AppData\Local\Programs\MiKTeX\tex/generic/stringenc\stringenc.s
ty
Package: stringenc 2019/11/29 v1.12 Convert strings between diff. encodings (HO
)
)
\@linkdim=\dimen177
\Hy@linkcounter=\count311
\Hy@pagecounter=\count312
 (C:\Users\matte\AppData\Local\Programs\MiKTeX\tex/latex/hyperref\pd1enc.def
File: pd1enc.def 2025-07-12 v7.01o Hyperref: PDFDocEncoding definition (HO)
Now handling font encoding PD1 ...
... no UTF-8 mapping file for font encoding PD1
) (C:\Users\matte\AppData\Local\Programs\MiKTeX\tex/generic/intcalc\intcalc.sty
Package: intcalc 2019/12/15 v1.3 Expandable calculations with integers (HO)
)
\Hy@SavedSpaceFactor=\count313
 (C:\Users\matte\AppData\Local\Programs\MiKTeX\tex/latex/hyperref\puenc.def
File: puenc.def 2025-07-12 v7.01o Hyperref: PDF Unicode definition (HO)
Now handling font encoding PU ...
... no UTF-8 mapping file for font encoding PU
)
Package hyperref Info: Option `colorlinks' set `true' on input line 4066.
Package hyperref Info: Hyper figures OFF on input line 4195.
Package hyperref Info: Link nesting OFF on input line 4200.
Package hyperref Info: Hyper index ON on input line 4203.
Package hyperref Info: Plain pages OFF on input line 4210.
Package hyperref Info: Backreferencing OFF on input line 4215.
Package hyperref Info: Implicit mode ON; LaTeX internals redefined.
Package hyperref Info: Bookmarks ON on input line 4462.
\c@Hy@tempcnt=\count314

(C:\Users\matte\AppData\Local\Programs\MiKTeX\tex/latex/url\url.sty
\Urlmuskip=\muskip18
Package: url 2013/09/16  ver 3.4  Verb mode for urls, etc.
)
LaTeX Info: Redefining \url on input line 4801.
\XeTeXLinkMargin=\dimen178

(C:\Users\matte\AppData\Local\Programs\MiKTeX\tex/generic/bitset\bitset.sty
Package: bitset 2019/12/09 v1.3 Handle bit-vector datatype (HO)

(C:\Users\matte\AppData\Local\Programs\MiKTeX\tex/generic/bigintcalc\bigintcalc
.sty
Package: bigintcalc 2019/12/15 v1.5 Expandable calculations on big integers (HO
)
))
\Fld@menulength=\count315
\Field@Width=\dimen179
\Fld@charsize=\dimen180
Package hyperref Info: Hyper figures OFF on input line 6078.
Package hyperref Info: Link nesting OFF on input line 6083.
Package hyperref Info: Hyper index ON on input line 6086.
Package hyperref Info: backreferencing OFF on input line 6093.
Package hyperref Info: Link coloring ON on input line 6096.
Package hyperref Info: Link coloring with OCG OFF on input line 6103.
Package hyperref Info: PDF/A mode OFF on input line 6108.
\Hy@abspage=\count316
\c@Item=\count317
\c@Hfootnote=\count318
)
Package hyperref Info: Driver (autodetected): hpdftex.

(C:\Users\matte\AppData\Local\Programs\MiKTeX\tex/latex/hyperref\hpdftex.def
File: hpdftex.def 2025-07-12 v7.01o Hyperref driver for pdfTeX
\Fld@listcount=\count319
\c@bookmark@seq@number=\count320

(C:\Users\matte\AppData\Local\Programs\MiKTeX\tex/latex/rerunfilecheck\rerunfil
echeck.sty
Package: rerunfilecheck 2025-06-21 v1.11 Rerun checks for auxiliary files (HO)

(C:\Users\matte\AppData\Local\Programs\MiKTeX\tex/generic/uniquecounter\uniquec
ounter.sty
Package: uniquecounter 2019/12/15 v1.4 Provide unlimited unique counter (HO)
)
Package uniquecounter Info: New unique counter `rerunfilecheck' on input line 2
84.
)
\Hy@SectionHShift=\skip68
)
(C:\Users\matte\AppData\Local\Programs\MiKTeX\tex/latex/glossaries/base\glossar
ies.sty
Package: glossaries 2026/03/06 v5.0 (NLCT)
 (C:\Users\matte\AppData\Local\Programs\MiKTeX\tex/latex/base\ifthen.sty
Package: ifthen 2024/03/16 v1.1e Standard LaTeX ifthen package (DPC)
) (C:\Users\matte\AppData\Local\Programs\MiKTeX\tex/latex/xkeyval\xkeyval.sty
Package: xkeyval 2022/06/16 v2.9 package option processing (HA)

(C:\Users\matte\AppData\Local\Programs\MiKTeX\tex/generic/xkeyval\xkeyval.tex
(C:\Users\matte\AppData\Local\Programs\MiKTeX\tex/generic/xkeyval\xkvutils.tex
\XKV@toks=\toks29
\XKV@tempa@toks=\toks30
)
\XKV@depth=\count321
File: xkeyval.tex 2014/12/03 v2.7a key=value parser (HA)
))
(C:\Users\matte\AppData\Local\Programs\MiKTeX\tex/latex/mfirstuc\mfirstuc.sty
Package: mfirstuc 2025/04/03 v2.09 (NLCT)
\@glsmfirst=\toks31
\@glsmrest=\toks32
)
(C:\Users\matte\AppData\Local\Programs\MiKTeX\tex/latex/xfor\xfor.sty
Package: xfor 2009/02/05 v1.05 (NLCT)
) ()
(C:\Users\matte\AppData\Local\Programs\MiKTeX\tex/latex/tracklang\tracklang.sty
Package: tracklang 2025/03/11 v1.6.6 (NLCT) Track Languages

(C:\Users\matte\AppData\Local\Programs\MiKTeX\tex/generic/tracklang\tracklang.t
ex)
Package tracklang Info: Tracking dialect `italian' (language `italian') on inpu
t line 264.
Package tracklang Info: Tracking dialect `italian' (language `italian') on inpu
t line 264.
)
(C:\Users\matte\AppData\Local\Programs\MiKTeX\tex/latex/translator\translator.s
ty
Package: translator 2021-05-31 v1.12d Easy translation of strings in LaTeX
)
(C:\Users\matte\AppData\Local\Programs\MiKTeX\tex/latex/glossaries-italian\glos
saries-italian.ldf
File: glossaries-italian.ldf 2014/11/23 v1.0
)
(C:\Users\matte\AppData\Local\Programs\MiKTeX\tex/latex/datatool\datatool-base.
sty
Package: datatool-base 2025/12/04 v3.4.3 (NLCT)
\l__datatool_tmpa_int=\count322
\l__datatool_tmpb_int=\count323
\l__datatool_tmpc_int=\count324
\l__datatool_tmpd_int=\count325
\l__datatool_count_int=\count326
\l__datatool_tmp_datatype_int=\count327
\l__datatool_tmpa_dim=\dimen181
\l__datatool_tmpb_dim=\dimen182

(C:\Users\matte\AppData\Local\Programs\MiKTeX\tex/latex/datatool\datatool-l3fp.
def
File: datatool-l3fp.def 2025/12/04 v3.4.3 (NLCT)
)
\@dtl@toks=\toks33
\@dtl@tmpcount=\count328
\dtl@tmplength=\skip69
\l__datatool_measure_box=\box57
\dtl@sortresult=\count329

(C:\Users\matte\AppData\Local\Programs\MiKTeX\tex/latex/datatool\datatool-utf8.
ldf
File: datatool-utf8.ldf 2025/12/04 v3.4.3 (NLCT)
)
\@dtl@datatype=\count330
\c_datatool_unknown_int=\count331
\l__datatool_year_int=\count332
\l__datatool_month_int=\count333
\l__datatool_day_int=\count334
\l__datatool_hour_int=\count335
\l__datatool_minute_int=\count336
\l__datatool_second_int=\count337
\l__datatool_tzhour_int=\count338
\l__datatool_tzminute_int=\count339
\l__datatool_julian_int=\count340
\l__datatool_local_julian_int=\count341
\l__datatool_prefix_int=\count342
\l__datatool_suffix_int=\count343
\@dtl@foreach@level=\count344


Package tracklang Warning: No `datatool' support for dialect `italian'  on inpu
t line 9924.

\dtl@codeA=\count345
\dtl@codeB=\count346
)
\gls@level=\count347
\@gls@tmpb=\toks34
\gls@tmplen=\skip70
\l__glossaries_tmpa_dim=\dimen183
\l__glossaries_tmpb_dim=\dimen184
\glskeylisttok=\toks35
\glslabeltok=\toks36
\glsshorttok=\toks37
\glslongtok=\toks38

(C:\Users\matte\AppData\Local\Programs\MiKTeX\tex/latex/glossaries/styles\gloss
ary-hypernav.sty
Package: glossary-hypernav 2026/03/06 v5.0 (NLCT)
)
(C:\Users\matte\AppData\Local\Programs\MiKTeX\tex/latex/glossaries/styles\gloss
ary-list.sty
Package: glossary-list 2026/03/06 v5.0 (NLCT)
\glslistdottedwidth=\skip71
)
(C:\Users\matte\AppData\Local\Programs\MiKTeX\tex/latex/glossaries/styles\gloss
ary-long.sty
Package: glossary-long 2026/03/06 v5.0 (NLCT)

(C:\Users\matte\AppData\Local\Programs\MiKTeX\tex/latex/tools\longtable.sty
Package: longtable 2025-10-13 v4.24 Multi-page Table package (DPC)
\LTleft=\skip72
\LTright=\skip73
\LTpre=\skip74
\LTpost=\skip75
\LTchunksize=\count348
\LTcapwidth=\dimen185
\LT@head=\box58
\LT@firsthead=\box59
\LT@foot=\box60
\LT@lastfoot=\box61
\LT@gbox=\box62
\LT@cols=\count349
\LT@rows=\count350
\c@LT@tables=\count351
\c@LT@chunks=\count352
\LT@p@ftn=\toks39
)
\glsdescwidth=\skip76
\glspagelistwidth=\skip77
)
(C:\Users\matte\AppData\Local\Programs\MiKTeX\tex/latex/glossaries/styles\gloss
ary-super.sty
Package: glossary-super 2026/03/06 v5.0 (NLCT)

(C:\Users\matte\AppData\Local\Programs\MiKTeX\tex/latex/supertabular\supertabul
ar.sty
Package: supertabular 2025/06/26 v4.2d the supertabular environment
\c@tracingst=\count353
\ST@wd=\dimen186
\ST@rightskip=\skip78
\ST@leftskip=\skip79
\ST@parfillskip=\skip80
\ST@pageleft=\dimen187
\ST@headht=\dimen188
\ST@tailht=\dimen189
\ST@pagesofar=\dimen190
\ST@pboxht=\dimen191
\ST@rowht=\dimen192
\ST@prevht=\dimen193
\ST@toadd=\dimen194
\ST@dimen=\dimen195
\ST@pbox=\box63
))
(C:\Users\matte\AppData\Local\Programs\MiKTeX\tex/latex/glossaries/styles\gloss
ary-tree.sty
Package: glossary-tree 2026/03/06 v5.0 (NLCT)
\l__glossaries_tree_max_known_level_int=\count354
\l__glossaries_tree_offset_dim=\dimen196
\l__glossaries_tree_namewidth_dim=\dimen197
\l__glossaries_tree_symbolwidth_dim=\dimen198
\l__glossaries_tree_prenamesym_width_dim=\dimen199
\l__glossaries_tree_presubnamesym_width_dim=\dimen256
\l__glossaries_tree_namewidth_padding_dim=\dimen257
\l__glossaries_tree_symbolwidth_padding_dim=\dimen258
\l__glossaries_tree_namesymbolwidth_dim=\dimen259
\l__glossaries_tree_namesymbolwidth_padding_dim=\dimen260
\l__glossaries_tree_level_int=\count355
\glstreeindent=\skip81
))
runsystem(makeindex -s Prova.ist -t Prova.glg -o Prova.gls Prova.glo)...execute
d safely (allowed).

runsystem(makeindex -s Prova.ist -t Prova.alg -o Prova.acr Prova.acn)...execute
d safely (allowed).

\glswrite=\write3
\glo@main@file=\write4
\openout4 = `Prova.glo'.

Package glossaries Info: Writing glossary file Prova.glo on input line 37.
\glo@acronym@file=\write5
\openout5 = `Prova.acn'.

Package glossaries Info: Writing glossary file Prova.acn on input line 37.

(C:\Users\matte\AppData\Local\Programs\MiKTeX\tex/latex/chngcntr\chngcntr.sty
Package: chngcntr 2018/04/09 v1.1a change counter resetting
Package chngcntr Info: \counterwithout already defined.
(chngcntr)             Quitting chngcntr on input line 21.
)
(C:\Users\matte\AppData\Local\Programs\MiKTeX\tex/latex/underscore\underscore.s
ty
Package: underscore 2006/09/13
LaTeX Info: Redefining \_ on input line 42.
)
==> First Aid for underscore.sty applied!

(C:\Users\matte\AppData\Local\Programs\MiKTeX\tex/latex/firstaid\underscore-ltx
.sty
Package: underscore-ltx 2023/09/20 LaTeX firstaid to make underscore protected 

)
(C:\Users\matte\AppData\Local\Programs\MiKTeX\tex/latex/biblatex\biblatex.sty
Package: biblatex 2025/07/10 v3.21 programmable bibliographies (PK/MW)

(C:\Users\matte\AppData\Local\Programs\MiKTeX\tex/latex/logreq\logreq.sty
Package: logreq 2010/08/04 v1.0 xml request logger
\lrq@indent=\count356

(C:\Users\matte\AppData\Local\Programs\MiKTeX\tex/latex/logreq\logreq.def
File: logreq.def 2010/08/04 v1.0 logreq spec v1.0
))
\c@tabx@nest=\count357
\c@listtotal=\count358
\c@listcount=\count359
\c@liststart=\count360
\c@liststop=\count361
\c@citecount=\count362
\c@citetotal=\count363
\c@multicitecount=\count364
\c@multicitetotal=\count365
\c@instcount=\count366
\c@maxnames=\count367
\c@minnames=\count368
\c@maxitems=\count369
\c@minitems=\count370
\c@citecounter=\count371
\c@maxcitecounter=\count372
\c@savedcitecounter=\count373
\c@uniquelist=\count374
\c@uniquename=\count375
\c@refsection=\count376
\c@refsegment=\count377
\c@maxextratitle=\count378
\c@maxextratitleyear=\count379
\c@maxextraname=\count380
\c@maxextradate=\count381
\c@maxextraalpha=\count382
\c@abbrvpenalty=\count383
\c@highnamepenalty=\count384
\c@lownamepenalty=\count385
\c@maxparens=\count386
\c@parenlevel=\count387
\blx@tempcnta=\count388
\blx@tempcntb=\count389
\blx@tempcntc=\count390
\c@blx@maxsection=\count391
\blx@maxsegment@0=\count392
\blx@notetype=\count393
\blx@parenlevel@text=\count394
\blx@parenlevel@foot=\count395
\blx@sectionciteorder@0=\count396
\blx@sectionciteorderinternal@0=\count397
\blx@entrysetcounter=\count398
\blx@biblioinstance=\count399
\labelnumberwidth=\skip82
\labelalphawidth=\skip83
\biblabelsep=\skip84
\bibitemsep=\skip85
\bibnamesep=\skip86
\bibinitsep=\skip87
\bibparsep=\skip88
\bibhang=\skip89
\blx@bcfin=\read3
\blx@bcfout=\write6
\blx@langwohyphens=\language80
\c@mincomprange=\count400
\c@maxcomprange=\count401
\c@mincompwidth=\count402
Package biblatex Info: Trying to load biblatex default data model...
Package biblatex Info: ... file 'blx-dm.def' found.

(C:\Users\matte\AppData\Local\Programs\MiKTeX\tex/latex/biblatex\blx-dm.def
File: blx-dm.def 2025/07/10 v3.21 biblatex datamodel (PK/MW)
)
Package biblatex Info: Trying to load biblatex style data model...
Package biblatex Info: ... file 'ieee.dbx' not found.
Package biblatex Info: Trying to load biblatex custom data model...
Package biblatex Info: ... file 'biblatex-dm.cfg' not found.
\c@afterword=\count403
\c@savedafterword=\count404
\c@annotator=\count405
\c@savedannotator=\count406
\c@author=\count407
\c@savedauthor=\count408
\c@bookauthor=\count409
\c@savedbookauthor=\count410
\c@commentator=\count411
\c@savedcommentator=\count412
\c@editor=\count413
\c@savededitor=\count414
\c@editora=\count415
\c@savededitora=\count416
\c@editorb=\count417
\c@savededitorb=\count418
\c@editorc=\count419
\c@savededitorc=\count420
\c@foreword=\count421
\c@savedforeword=\count422
\c@holder=\count423
\c@savedholder=\count424
\c@introduction=\count425
\c@savedintroduction=\count426
\c@namea=\count427
\c@savednamea=\count428
\c@nameb=\count429
\c@savednameb=\count430
\c@namec=\count431
\c@savednamec=\count432
\c@translator=\count433
\c@savedtranslator=\count434
\c@shortauthor=\count435
\c@savedshortauthor=\count436
\c@shorteditor=\count437
\c@savedshorteditor=\count438
\c@labelname=\count439
\c@savedlabelname=\count440
\c@institution=\count441
\c@savedinstitution=\count442
\c@lista=\count443
\c@savedlista=\count444
\c@listb=\count445
\c@savedlistb=\count446
\c@listc=\count447
\c@savedlistc=\count448
\c@listd=\count449
\c@savedlistd=\count450
\c@liste=\count451
\c@savedliste=\count452
\c@listf=\count453
\c@savedlistf=\count454
\c@location=\count455
\c@savedlocation=\count456
\c@organization=\count457
\c@savedorganization=\count458
\c@origlocation=\count459
\c@savedoriglocation=\count460
\c@origpublisher=\count461
\c@savedorigpublisher=\count462
\c@publisher=\count463
\c@savedpublisher=\count464
\c@language=\count465
\c@savedlanguage=\count466
\c@origlanguage=\count467
\c@savedoriglanguage=\count468
\c@pageref=\count469
\c@savedpageref=\count470
\shorthandwidth=\skip90
\shortjournalwidth=\skip91
\shortserieswidth=\skip92
\shorttitlewidth=\skip93
\shortauthorwidth=\skip94
\shorteditorwidth=\skip95
\locallabelnumberwidth=\skip96
\locallabelalphawidth=\skip97
\localshorthandwidth=\skip98
\localshortjournalwidth=\skip99
\localshortserieswidth=\skip100
\localshorttitlewidth=\skip101
\localshortauthorwidth=\skip102
\localshorteditorwidth=\skip103
Package biblatex Info: Trying to load compatibility code...
Package biblatex Info: ... file 'blx-compat.def' found.

(C:\Users\matte\AppData\Local\Programs\MiKTeX\tex/latex/biblatex\blx-compat.def
File: blx-compat.def 2025/07/10 v3.21 biblatex compatibility (PK/MW)
)
Package biblatex Info: Trying to load generic definitions...
Package biblatex Info: ... file 'biblatex.def' found.
 (C:\Users\matte\AppData\Local\Programs\MiKTeX\tex/latex/biblatex\biblatex.def
File: biblatex.def 2025/07/10 v3.21 biblatex compatibility (PK/MW)
\c@textcitecount=\count471
\c@textcitetotal=\count472
\c@textcitemaxnames=\count473
\c@biburlbigbreakpenalty=\count474
\c@biburlbreakpenalty=\count475
\c@biburlnumpenalty=\count476
\c@biburlucpenalty=\count477
\c@biburllcpenalty=\count478
\biburlbigskip=\muskip19
\biburlnumskip=\muskip20
\biburlucskip=\muskip21
\biburllcskip=\muskip22
\c@smartand=\count479
)
Package biblatex Info: Trying to load bibliography style 'ieee'...
Package biblatex Info: ... file 'ieee.bbx' found.

(C:\Users\matte\AppData\Local\Programs\MiKTeX\tex/latex/biblatex-ieee\ieee.bbx
File: ieee.bbx 2025-08-01 v1.4f biblatex bibliography style
Package biblatex Info: Trying to load bibliography style 'numeric-comp'...
Package biblatex Info: ... file 'numeric-comp.bbx' found.

(C:\Users\matte\AppData\Local\Programs\MiKTeX\tex/latex/biblatex/bbx\numeric-co
mp.bbx
File: numeric-comp.bbx 2025/07/10 v3.21 biblatex bibliography style (PK/MW)
Package biblatex Info: Trying to load bibliography style 'numeric'...
Package biblatex Info: ... file 'numeric.bbx' found.

(C:\Users\matte\AppData\Local\Programs\MiKTeX\tex/latex/biblatex/bbx\numeric.bb
x
File: numeric.bbx 2025/07/10 v3.21 biblatex bibliography style (PK/MW)
Package biblatex Info: Trying to load bibliography style 'standard'...
Package biblatex Info: ... file 'standard.bbx' found.

(C:\Users\matte\AppData\Local\Programs\MiKTeX\tex/latex/biblatex/bbx\standard.b
bx
File: standard.bbx 2025/07/10 v3.21 biblatex bibliography style (PK/MW)
\c@bbx:relatedcount=\count480
\c@bbx:relatedtotal=\count481
))))
Package biblatex Info: Trying to load citation style 'ieee'...
Package biblatex Info: ... file 'ieee.cbx' found.

(C:\Users\matte\AppData\Local\Programs\MiKTeX\tex/latex/biblatex-ieee\ieee.cbx
File: ieee.cbx 2025-08-01 v1.4f biblatex citation style
Package biblatex Info: Trying to load citation style 'numeric-verb'...
Package biblatex Info: ... file 'numeric-verb.cbx' found.

(C:\Users\matte\AppData\Local\Programs\MiKTeX\tex/latex/biblatex/cbx\numeric-ve
rb.cbx
File: numeric-verb.cbx 2025/07/10 v3.21 biblatex citation style (PK/MW)
Package biblatex Info: Redefining '\cite'.
Package biblatex Info: Redefining '\parencite'.
Package biblatex Info: Redefining '\footcite'.
Package biblatex Info: Redefining '\footcitetext'.
Package biblatex Info: Redefining '\smartcite'.
Package biblatex Info: Redefining '\textcite'.
Package biblatex Info: Redefining '\supercite'.
Package biblatex Info: Redefining '\parencites'.
Package biblatex Info: Redefining '\smartcites'.
Package biblatex Info: Redefining '\textcites'.
))
Package biblatex Info: Trying to load configuration file...
Package biblatex Info: ... file 'biblatex.cfg' found.

(C:\Users\matte\AppData\Local\Programs\MiKTeX\tex/latex/biblatex\biblatex.cfg
File: biblatex.cfg 
)
Package biblatex Info: Input encoding 'utf8' detected.
Package biblatex Info: Document encoding is UTF8 ....
Package biblatex Info: ... and expl3
(biblatex)             2025-12-24 L3 programming layer (loader) 
(biblatex)             is new enough (at least 2020/04/06),
(biblatex)             setting 'casechanger=expl3'.

(C:\Users\matte\AppData\Local\Programs\MiKTeX\tex/latex/biblatex\blx-case-expl3
.sty
Package: blx-case-expl3 2025/07/10 v3.21 expl3 case changing code for biblatex
))

Package biblatex Warning: 'babel/polyglossia' detected but 'csquotes' missing.
(biblatex)                Loading 'csquotes' recommended.

\@quotelevel=\count482
\@quotereset=\count483
(Prova.aux)
\openout1 = `Prova.aux'.

LaTeX Font Info:    Checking defaults for OML/cmm/m/it on input line 71.
LaTeX Font Info:    ... okay on input line 71.
LaTeX Font Info:    Checking defaults for OMS/cmsy/m/n on input line 71.
LaTeX Font Info:    ... okay on input line 71.
LaTeX Font Info:    Checking defaults for OT1/cmr/m/n on input line 71.
LaTeX Font Info:    ... okay on input line 71.
LaTeX Font Info:    Checking defaults for T1/cmr/m/n on input line 71.
LaTeX Font Info:    ... okay on input line 71.
LaTeX Font Info:    Checking defaults for TS1/cmr/m/n on input line 71.
LaTeX Font Info:    ... okay on input line 71.
LaTeX Font Info:    Checking defaults for OMX/cmex/m/n on input line 71.
LaTeX Font Info:    ... okay on input line 71.
LaTeX Font Info:    Checking defaults for U/cmr/m/n on input line 71.
LaTeX Font Info:    ... okay on input line 71.
LaTeX Font Info:    Checking defaults for PD1/pdf/m/n on input line 71.
LaTeX Font Info:    ... okay on input line 71.
LaTeX Font Info:    Checking defaults for PU/pdf/m/n on input line 71.
LaTeX Font Info:    ... okay on input line 71.
LaTeX Info: Redefining \it@ocap on input line 71.
LaTeX Info: Redefining \it@ccap on input line 71.


File italian.ldf warning: 
italian.ldf    With OT1 encoding guillemets are poorly faked
italian.ldf    Use T1 encoding
italian.ldf    or specify a font with command \CaporaliFrom
italian.ldf    See the documentation concerning the babel-italian typesetting
italian.ldf    on input line 71.


(C:\Users\matte\AppData\Local\Programs\MiKTeX\tex/context/base/mkii\supp-pdf.mk
ii
[Loading MPS to PDF converter (version 2006.09.02).]
\scratchcounter=\count484
\scratchdimen=\dimen261
\scratchbox=\box64
\nofMPsegments=\count485
\nofMParguments=\count486
\everyMPshowfont=\toks40
\MPscratchCnt=\count487
\MPscratchDim=\dimen262
\MPnumerator=\count488
\makeMPintoPDFobject=\count489
\everyMPtoPDFconversion=\toks41
)
(C:\Users\matte\AppData\Local\Programs\MiKTeX\tex/latex/epstopdf-pkg\epstopdf-b
ase.sty
Package: epstopdf-base 2020-01-24 v2.11 Base part for package epstopdf
Package epstopdf-base Info: Redefining graphics rule for `.eps' on input line 4
85.

(C:\Users\matte\AppData\Local\Programs\MiKTeX\tex/latex/00miktex\epstopdf-sys.c
fg
File: epstopdf-sys.cfg 2021/03/18 v2.0 Configuration of epstopdf for MiKTeX
))
Package caption Info: Begin \AtBeginDocument code.
Package caption Info: float package is loaded.
Package caption Info: hyperref package is loaded.
Package caption Info: longtable package is loaded.

(C:\Users\matte\AppData\Local\Programs\MiKTeX\tex/latex/caption\ltcaption.sty
Package: ltcaption 2021/01/08 v1.4c longtable captions (AR)
)
Package caption Info: supertabular package is loaded.
Package caption Info: End \AtBeginDocument code.

*geometry* driver: auto-detecting
*geometry* detected driver: pdftex
*geometry* verbose mode - [ preamble ] result:
* driver: pdftex
* paper: a4paper
* layout: <same size as paper>
* layoutoffset:(h,v)=(0.0pt,0.0pt)
* bindingoffset: 14.22636pt
* modes: twoside 
* h-part:(L,W,R)=(56.9055pt, 469.4705pt, 56.9055pt)
* v-part:(T,H,B)=(56.9055pt, 731.23584pt, 56.9055pt)
* \paperwidth=597.50787pt
* \paperheight=845.04684pt
* \textwidth=469.4705pt
* \textheight=731.23584pt
* \oddsidemargin=-1.13812pt
* \evensidemargin=-15.36449pt
* \topmargin=-52.36449pt
* \headheight=12.0pt
* \headsep=25.0pt
* \topskip=12.0pt
* \footskip=30.0pt
* \marginparwidth=85.0pt
* \marginparsep=10.0pt
* \columnsep=10.0pt
* \skip\footins=10.8pt plus 4.0pt minus 2.0pt
* \hoffset=0.0pt
* \voffset=0.0pt
* \mag=1000
* \@twocolumnfalse
* \@twosidetrue
* \@mparswitchtrue
* \@reversemarginfalse
* (1in=72.27pt=25.4mm, 1cm=28.453pt)

(C:\Users\matte\AppData\Local\Programs\MiKTeX\tex/latex/graphics\color.sty
Package: color 2025/01/14 v1.3e Standard LaTeX Color (DPC)

(C:\Users\matte\AppData\Local\Programs\MiKTeX\tex/latex/graphics-cfg\color.cfg
File: color.cfg 2016/01/02 v1.6 sample color configuration
)
Package color Info: Driver file: pdftex.def on input line 149.
(C:\Users\matte\AppData\Local\Programs\MiKTeX\tex/latex/graphics\mathcolor.ltx)
)
Package hyperref Info: Link coloring ON on input line 71.
 (Prova.out) (Prova.out)
\@outlinefile=\write7
\openout7 = `Prova.out'.

 (Prova.glsdefs

Package glossaries Warning: entry `acs' has already been defined in the preambl
e (if you have moved the definition there from the document environment, delete
 Prova.glsdefs) on input line 27.


Package glossaries Warning: entry `cl' has already been defined in the preamble
 (if you have moved the definition there from the document environment, delete 
Prova.glsdefs) on input line 55.


Package glossaries Warning: entry `esa' has already been defined in the preambl
e (if you have moved the definition there from the document environment, delete
 Prova.glsdefs) on input line 83.


Package glossaries Warning: entry `fbk' has already been defined in the preambl
e (if you have moved the definition there from the document environment, delete
 Prova.glsdefs) on input line 111.


Package glossaries Warning: entry `leo' has already been defined in the preambl
e (if you have moved the definition there from the document environment, delete
 Prova.glsdefs) on input line 139.


Package glossaries Warning: entry `gagg' has already been defined in the preamb
le (if you have moved the definition there from the document environment, delet
e Prova.glsdefs) on input line 167.


Package glossaries Warning: entry `gbm' has already been defined in the preambl
e (if you have moved the definition there from the document environment, delete
 Prova.glsdefs) on input line 195.


Package glossaries Warning: entry `gbw' has already been defined in the preambl
e (if you have moved the definition there from the document environment, delete
 Prova.glsdefs) on input line 223.


Package glossaries Warning: entry `pid' has already been defined in the preambl
e (if you have moved the definition there from the document environment, delete
 Prova.glsdefs) on input line 251.


Package glossaries Warning: entry `sipm' has already been defined in the preamb
le (if you have moved the definition there from the document environment, delet
e Prova.glsdefs) on input line 279.


Package glossaries Warning: entry `sd' has already been defined in the preamble
 (if you have moved the definition there from the document environment, delete 
Prova.glsdefs) on input line 307.


Package glossaries Warning: entry `snr' has already been defined in the preambl
e (if you have moved the definition there from the document environment, delete
 Prova.glsdefs) on input line 335.


Package glossaries Warning: entry `spad' has already been defined in the preamb
le (if you have moved the definition there from the document environment, delet
e Prova.glsdefs) on input line 363.


Package glossaries Warning: entry `tia' has already been defined in the preambl
e (if you have moved the definition there from the document environment, delete
 Prova.glsdefs) on input line 391.

)
Package biblatex Info: Trying to load language 'italian'...
Package biblatex Info: ... file 'italian.lbx' found.

(C:\Users\matte\AppData\Local\Programs\MiKTeX\tex/latex/biblatex/lbx\italian.lb
x
File: italian.lbx 2025/07/10 v3.21 biblatex localization (PK/MW)
)
Package biblatex Info: Input encoding 'utf8' detected.
Package biblatex Info: Automatic encoding selection.
(biblatex)             Assuming data encoding 'utf8'.
\openout6 = `Prova.bcf'.

Package biblatex Info: Trying to load bibliographic data...
Package biblatex Info: ... file 'Prova.bbl' found.
 (Prova.bbl)
Package biblatex Info: Reference section=0 on input line 71.
Package biblatex Info: Reference segment=0 on input line 71.
<Immagini/unitn.png, id=39, 982.872pt x 482.40225pt>
File: Immagini/unitn.png Graphic file (type png)
<use Immagini/unitn.png>
Package pdftex.def Info: Immagini/unitn.png  used on input line 77.
(pdftex.def)             Requested size: 234.73524pt x 115.20476pt.
 [1

\openout3 = `Prova.ist'.

{C:/Users/matte/AppData/Local/MiKTeX/fonts/map/pdftex/pdftex.map} <./Immagini/u
nitn.png>] [2] [3] [4] (Prova.toc)
\tf@toc=\write8
\openout8 = `Prova.toc'.

 [5] [6] (Prova.lof)
\tf@lof=\write9
\openout9 = `Prova.lof'.


[7

] [8

] (Prova.lot)
\tf@lot=\write10
\openout10 = `Prova.lot'.

 [9] [10

] (Prova.acr) [11] [12]
<Immagini/spaceriderlogo.png, id=186, 462.528pt x 462.528pt>
File: Immagini/spaceriderlogo.png Graphic file (type png)
<use Immagini/spaceriderlogo.png>
Package pdftex.def Info: Immagini/spaceriderlogo.png  used on input line 152.
(pdftex.def)             Requested size: 93.89265pt x 93.88724pt.
<Immagini/spacerider.jpg, id=187, 1011.78pt x 449.68pt>
File: Immagini/spacerider.jpg Graphic file (type jpg)
<use Immagini/spacerider.jpg>
Package pdftex.def Info: Immagini/spacerider.jpg  used on input line 160.
(pdftex.def)             Requested size: 375.57784pt x 166.92792pt.
 [13 <./Immagini/spaceriderlogo.png> <./Immagini/spacerider.jpg>]
<Immagini/sparklelogo.png, id=197, 225.84375pt x 225.84375pt>
File: Immagini/sparklelogo.png Graphic file (type png)
<use Immagini/sparklelogo.png>
Package pdftex.def Info: Immagini/sparklelogo.png  used on input line 166.
(pdftex.def)             Requested size: 93.89265pt x 93.89226pt.
<Immagini/sparklecube.jpg, id=200, 414.54875pt x 523.9575pt>
File: Immagini/sparklecube.jpg Graphic file (type jpg)
<use Immagini/sparklecube.jpg>
Package pdftex.def Info: Immagini/sparklecube.jpg  used on input line 177.
(pdftex.def)             Requested size: 234.73524pt x 296.68413pt.
 [14 <./Immagini/sparklelogo.png> <./Immagini/sparklecube.jpg>]
<Immagini/deltaee.png, id=211, 1581.91pt x 976.64874pt>
File: Immagini/deltaee.png Graphic file (type png)
<use Immagini/deltaee.png>
Package pdftex.def Info: Immagini/deltaee.png  used on input line 196.
(pdftex.def)             Requested size: 422.52058pt x 260.85231pt.
 [15 <./Immagini/deltaee.png (PNG copy)>]
Overfull \hbox (9.62062pt too wide) in paragraph at lines 221--222
[]\OT1/cmr/m/n/12 Scintillatori anti-coincidenza([][][]Anti-Coincidence Scin-ti
l-la-tor (ACS)[][]): ACS[]-T(Top) e ACS[]-
 []

[16]
<Immagini/detector1.jpg, id=229, 664.4825pt x 385.44pt>
File: Immagini/detector1.jpg Graphic file (type jpg)
<use Immagini/detector1.jpg>
Package pdftex.def Info: Immagini/detector1.jpg  used on input line 227.
(pdftex.def)             Requested size: 352.10287pt x 204.24106pt.
<Immagini/detector2.jpg, id=230, 643.40375pt x 361.35pt>
File: Immagini/detector2.jpg Graphic file (type jpg)
<use Immagini/detector2.jpg>
Package pdftex.def Info: Immagini/detector2.jpg  used on input line 233.
(pdftex.def)             Requested size: 352.10287pt x 197.75615pt.
<Immagini/detector3.jpg, id=231, 643.40375pt x 361.35pt>
File: Immagini/detector3.jpg Graphic file (type jpg)
<use Immagini/detector3.jpg>
Package pdftex.def Info: Immagini/detector3.jpg  used on input line 239.
(pdftex.def)             Requested size: 352.10287pt x 197.75615pt.
 [17 <./Immagini/detector1.jpg> <./Immagini/detector2.jpg> <./Immagini/detector
3.jpg>]

Package hyperref Warning: Token not allowed in a PDF string (Unicode):
(hyperref)                removing `\gls' on input line 246.

<Immagini/spad.png, id=239, 1902.10625pt x 717.68124pt>
File: Immagini/spad.png Graphic file (type png)
<use Immagini/spad.png>
Package pdftex.def Info: Immagini/spad.png  used on input line 250.
(pdftex.def)             Requested size: 328.62791pt x 123.98631pt.

Package caption Warning: \label without proper reference on input line 251.
See the caption package documentation for explanation.


LaTeX Warning: Reference `fig:spad' on page 18 undefined on input line 255.

<Immagini/spadeq.png, id=241, 1858.945pt x 945.5325pt>
File: Immagini/spadeq.png Graphic file (type png)
<use Immagini/spadeq.png>
Package pdftex.def Info: Immagini/spadeq.png  used on input line 258.
(pdftex.def)             Requested size: 328.62791pt x 167.14427pt.
<Immagini/sipm50u.png, id=244, 660.66824pt x 496.85625pt>
File: Immagini/sipm50u.png Graphic file (type png)
<use Immagini/sipm50u.png>
Package pdftex.def Info: Immagini/sipm50u.png  used on input line 270.
(pdftex.def)             Requested size: 225.34383pt x 169.46716pt.
<Immagini/sipm2m.png, id=247, 663.6795pt x 497.4585pt>
File: Immagini/sipm2m.png Graphic file (type png)
<use Immagini/sipm2m.png>
Package pdftex.def Info: Immagini/sipm2m.png  used on input line 278.
(pdftex.def)             Requested size: 225.34383pt x 168.90593pt.

Underfull \vbox (badness 10000) has occurred while \output is active []

 [18 <./Immagini/spad.png (PNG copy)> <./Immagini/spadeq.png (PNG copy)>]
<Immagini/30imp.png, id=254, 1219.55624pt x 995.72pt>
File: Immagini/30imp.png Graphic file (type png)
<use Immagini/30imp.png>
Package pdftex.def Info: Immagini/30imp.png  used on input line 295.
(pdftex.def)             Requested size: 225.34383pt x 183.97742pt.
<Immagini/30impreg.png, id=255, 1199.48125pt x 996.72375pt>
File: Immagini/30impreg.png Graphic file (type png)
<use Immagini/30impreg.png>
Package pdftex.def Info: Immagini/30impreg.png  used on input line 303.
(pdftex.def)             Requested size: 225.34383pt x 187.25024pt.
<Immagini/reg.png, id=258, 633.567pt x 513.117pt>
File: Immagini/reg.png Graphic file (type png)
<use Immagini/reg.png>
Package pdftex.def Info: Immagini/reg.png  used on input line 345.
(pdftex.def)             Requested size: 328.62791pt x 266.14903pt.
 [19 <./Immagini/sipm50u.png> <./Immagini/sipm2m.png> <./Immagini/30imp.png (PN
G copy)> <./Immagini/30impreg.png (PNG copy)>]

Package hyperref Warning: Token not allowed in a PDF string (Unicode):
(hyperref)                removing `\gls' on input line 350.

<Immagini/scheda_voltagemode.png, id=275, 1028.04076pt x 484.81125pt>
File: Immagini/scheda_voltagemode.png Graphic file (type png)
<use Immagini/scheda_voltagemode.png>
Package pdftex.def Info: Immagini/scheda_voltagemode.png  used on input line 36
7.
(pdftex.def)             Requested size: 328.62791pt x 154.97261pt.
[20 <./Immagini/reg.png>]
<Immagini/voltagemodecircuit_mio.PNG, id=289, 1112.35574pt x 516.7305pt>
File: Immagini/voltagemodecircuit_mio.PNG Graphic file (type png)
<use Immagini/voltagemodecircuit_mio.PNG>
Package pdftex.def Info: Immagini/voltagemodecircuit_mio.PNG  used on input lin
e 378.
(pdftex.def)             Requested size: 469.4705pt x 218.08186pt.
 [21 <./Immagini/scheda_voltagemode.png> <./Immagini/voltagemodecircuit_mio.PNG
>]
<Immagini/impulsi_gradino_ext.jpg, id=304, 988.29225pt x 623.32875pt>
File: Immagini/impulsi_gradino_ext.jpg Graphic file (type jpg)
<use Immagini/impulsi_gradino_ext.jpg>
Package pdftex.def Info: Immagini/impulsi_gradino_ext.jpg  used on input line 3
97.
(pdftex.def)             Requested size: 399.05278pt x 251.68587pt.
<Immagini/impulsi_alpha.jpg, id=307, 1006.962pt x 646.21425pt>
File: Immagini/impulsi_alpha.jpg Graphic file (type jpg)
<use Immagini/impulsi_alpha.jpg>
Package pdftex.def Info: Immagini/impulsi_alpha.jpg  used on input line 406.
(pdftex.def)             Requested size: 225.34383pt x 144.61295pt.
<Immagini/impulsi_beta.jpg, id=308, 996.72375pt x 645.00975pt>
File: Immagini/impulsi_beta.jpg Graphic file (type jpg)
<use Immagini/impulsi_beta.jpg>
Package pdftex.def Info: Immagini/impulsi_beta.jpg  used on input line 414.
(pdftex.def)             Requested size: 225.34383pt x 145.8197pt.
 [22 <./Immagini/impulsi_gradino_ext.jpg> <./Immagini/impulsi_alpha.jpg> <./Imm
agini/impulsi_beta.jpg>]
<Immagini/confronto_no_sipm.png, id=317, 702.625pt x 501.875pt>
File: Immagini/confronto_no_sipm.png Graphic file (type png)
<use Immagini/confronto_no_sipm.png>
Package pdftex.def Info: Immagini/confronto_no_sipm.png  used on input line 432
.
(pdftex.def)             Requested size: 225.34383pt x 160.95554pt.
<Immagini/confronto_sipm_Vbias=0V.png, id=320, 702.625pt x 501.875pt>
File: Immagini/confronto_sipm_Vbias=0V.png Graphic file (type png)
<use Immagini/confronto_sipm_Vbias=0V.png>
Package pdftex.def Info: Immagini/confronto_sipm_Vbias=0V.png  used on input li
ne 440.
(pdftex.def)             Requested size: 225.34383pt x 160.95554pt.
<Immagini/confronto_sipm_Vbias=26V_5us.png, id=323, 702.625pt x 501.875pt>
File: Immagini/confronto_sipm_Vbias=26V_5us.png Graphic file (type png)
<use Immagini/confronto_sipm_Vbias=26V_5us.png>
Package pdftex.def Info: Immagini/confronto_sipm_Vbias=26V_5us.png  used on inp
ut line 450.
(pdftex.def)             Requested size: 225.34383pt x 160.95554pt.
<Immagini/confronto_sipm_Vbias=26V_10us.png, id=326, 702.625pt x 501.875pt>
File: Immagini/confronto_sipm_Vbias=26V_10us.png Graphic file (type png)
<use Immagini/confronto_sipm_Vbias=26V_10us.png>
Package pdftex.def Info: Immagini/confronto_sipm_Vbias=26V_10us.png  used on in
put line 458.
(pdftex.def)             Requested size: 225.34383pt x 160.95554pt.
 [23 <./Immagini/confronto_no_sipm.png> <./Immagini/confronto_sipm_Vbias=0V.png
> <./Immagini/confronto_sipm_Vbias=26V_5us.png> <./Immagini/confronto_sipm_Vbia
s=26V_10us.png>]
<Immagini/tia.PNG, id=347, 902.1705pt x 500.46976pt>
File: Immagini/tia.PNG Graphic file (type png)
<use Immagini/tia.PNG>
Package pdftex.def Info: Immagini/tia.PNG  used on input line 481.
(pdftex.def)             Requested size: 234.73524pt x 130.21834pt.
<Immagini/mio_circuito_controllo_corrente.PNG, id=351, 1079.53313pt x 673.76718
pt>
File: Immagini/mio_circuito_controllo_corrente.PNG Graphic file (type png)
<use Immagini/mio_circuito_controllo_corrente.PNG>
Package pdftex.def Info: Immagini/mio_circuito_controllo_corrente.PNG  used on 
input line 502.
(pdftex.def)             Requested size: 469.4705pt x 293.01439pt.
 [24 <./Immagini/tia.PNG>]
<Immagini/vout2_controllo_corrente.PNG, id=363, 1444.64719pt x 669.2503pt>
File: Immagini/vout2_controllo_corrente.PNG Graphic file (type png)
<use Immagini/vout2_controllo_corrente.PNG>
Package pdftex.def Info: Immagini/vout2_controllo_corrente.PNG  used on input l
ine 520.
(pdftex.def)             Requested size: 469.4705pt x 217.48334pt.

Underfull \vbox (badness 10000) has occurred while \output is active []

 [25 <./Immagini/mio_circuito_controllo_corrente.PNG>]
<Immagini/confronto_currentmode_voltagemode_8_SiPM.png, id=374, 1444.64719pt x 
668.4975pt>
File: Immagini/confronto_currentmode_voltagemode_8_SiPM.png Graphic file (type 
png)
<use Immagini/confronto_currentmode_voltagemode_8_SiPM.png>
Package pdftex.def Info: Immagini/confronto_currentmode_voltagemode_8_SiPM.png 
 used on input line 532.
(pdftex.def)             Requested size: 225.34383pt x 104.26886pt.
<Immagini/confronto_currentmode_voltagemode_16_SiPM.png, id=377, 1444.64719pt x
 668.4975pt>
File: Immagini/confronto_currentmode_voltagemode_16_SiPM.png Graphic file (type
 png)
<use Immagini/confronto_currentmode_voltagemode_16_SiPM.png>
Package pdftex.def Info: Immagini/confronto_currentmode_voltagemode_16_SiPM.png
  used on input line 540.
(pdftex.def)             Requested size: 225.34383pt x 104.26886pt.
 [26 <./Immagini/vout2_controllo_corrente.PNG> <./Immagini/confronto_currentmod
e_voltagemode_8_SiPM.png> <./Immagini/confronto_currentmode_voltagemode_16_SiPM
.png>] [27] (Prova.aux)
 ***********
LaTeX2e <2025-11-01>
L3 programming layer <2025-12-24>
 ***********


LaTeX Warning: There were undefined references.

Package rerunfilecheck Info: File `Prova.out' has not changed.
(rerunfilecheck)             Checksum: E7006F11D62047AC53546E478850040A;1550.
Package logreq Info: Writing requests to 'Prova.run.xml'.
\openout1 = `Prova.run.xml'.

 ) 
Here is how much of TeX's memory you used:
 28771 strings out of 467871
 553462 string characters out of 5418376
 1431602 words of memory out of 5000000
 57247 multiletter control sequences out of 15000+600000
 636280 words of font info for 69 fonts, out of 8000000 for 9000
 1141 hyphenation exceptions out of 8191
 75i,12n,79p,2490b,2549s stack positions out of 10000i,1000n,20000p,200000b,200000s
 <C:\Users\matte\AppData\Local\MiKTeX\fonts/pk/ljfour/jknappen/ec/dpi600\tcti
1200.pk> <C:\Users\matte\AppData\Local\MiKTeX\fonts/pk/ljfour/jknappen/ec/dpi60
0\tcrm1200.pk><C:/Users/matte/AppData/Local/Programs/MiKTeX/fonts/type1/public/
amsfonts/cm/cmbx10.pfb><C:/Users/matte/AppData/Local/Programs/MiKTeX/fonts/type
1/public/amsfonts/cm/cmbx12.pfb><C:/Users/matte/AppData/Local/Programs/MiKTeX/f
onts/type1/public/amsfonts/cm/cmmi10.pfb><C:/Users/matte/AppData/Local/Programs
/MiKTeX/fonts/type1/public/amsfonts/cm/cmmi12.pfb><C:/Users/matte/AppData/Local
/Programs/MiKTeX/fonts/type1/public/amsfonts/cm/cmmi6.pfb><C:/Users/matte/AppDa
ta/Local/Programs/MiKTeX/fonts/type1/public/amsfonts/cm/cmmi8.pfb><C:/Users/mat
te/AppData/Local/Programs/MiKTeX/fonts/type1/public/amsfonts/cm/cmr10.pfb><C:/U
sers/matte/AppData/Local/Programs/MiKTeX/fonts/type1/public/amsfonts/cm/cmr12.p
fb><C:/Users/matte/AppData/Local/Programs/MiKTeX/fonts/type1/public/amsfonts/cm
/cmr17.pfb><C:/Users/matte/AppData/Local/Programs/MiKTeX/fonts/type1/public/ams
fonts/cm/cmr6.pfb><C:/Users/matte/AppData/Local/Programs/MiKTeX/fonts/type1/pub
lic/amsfonts/cm/cmr8.pfb><C:/Users/matte/AppData/Local/Programs/MiKTeX/fonts/ty
pe1/public/amsfonts/cm/cmsy10.pfb><C:/Users/matte/AppData/Local/Programs/MiKTeX
/fonts/type1/public/amsfonts/cm/cmsy8.pfb><C:/Users/matte/AppData/Local/Program
s/MiKTeX/fonts/type1/public/amsfonts/cm/cmti12.pfb><C:/Users/matte/AppData/Loca
l/Programs/MiKTeX/fonts/type1/public/amsfonts/cm/cmtt12.pfb>
Output written on Prova.pdf (27 pages, 5162713 bytes).
PDF statistics:
 490 PDF objects out of 1000 (max. 8388607)
 91 named destinations out of 1000 (max. 500000)
 223 words of extra memory for PDF output out of 10000 (max. 10000000)

